============================= test session starts =============================
platform win32 -- Python 3.13.5, pytest-8.4.1, pluggy-1.6.0 -- C:\Python313\python.exe
cachedir: .pytest_cache
rootdir: C:\Users\cw171001\OneDrive - Teradata\Documents\GitHub\incredible_machines
plugins: anyio-4.11.0, Faker-40.11.1, asyncio-1.3.0, cov-7.0.0
asyncio: mode=Mode.STRICT, debug=False, asyncio_default_fixture_loop_scope=None, asyncio_default_test_loop_scope=function
collecting ... collected 7 items

tests/test_flow_standardization.py::TestFlowStandardization::test_fr001_conservative_signaling PASSED [ 14%]
tests/test_flow_standardization.py::TestFlowStandardization::test_fr002_wildcard_routing PASSED [ 28%]
tests/test_flow_standardization.py::TestFlowStandardization::test_fr003_datapipe_inheritance_and_threshold PASSED [ 42%]
tests/test_flow_standardization.py::TestFlowStandardization::test_fr004_warehouse_state PASSED [ 57%]
tests/test_flow_standardization.py::TestFlowStandardization::test_fr005_guard_hibernation PASSED [ 71%]
tests/test_flow_standardization.py::TestFlowStandardization::test_ph2_any_routing_factory FAILED [ 85%]
tests/test_flow_standardization.py::TestFlowStandardization::test_ph2_backpressure_propagation FAILED [100%]

================================== FAILURES ===================================
____________ TestFlowStandardization.test_ph2_any_routing_factory _____________

self = <test_flow_standardization.TestFlowStandardization testMethod=test_ph2_any_routing_factory>

    def test_ph2_any_routing_factory(self):
        """Phase 2: Factory uses resolve_exit_path for 'any' pipe routing."""
>       factory = FactoryPart(self.space, 0, 0, "logic_factory")
                  ^^^^^^^^^^^
E       NameError: name 'FactoryPart' is not defined

tests\test_flow_standardization.py:116: NameError
__________ TestFlowStandardization.test_ph2_backpressure_propagation __________

self = <test_flow_standardization.TestFlowStandardization testMethod=test_ph2_backpressure_propagation>

    def test_ph2_backpressure_propagation(self):
        """Phase 2: Pipe JAMMED state propagates to Factory ingestion."""
>       factory = FactoryPart(self.space, 0, 0, "logic_factory")
                  ^^^^^^^^^^^
E       NameError: name 'FactoryPart' is not defined

tests\test_flow_standardization.py:96: NameError
=========================== short test summary info ===========================
FAILED tests/test_flow_standardization.py::TestFlowStandardization::test_ph2_any_routing_factory - NameError: name 'FactoryPart' is not defined
FAILED tests/test_flow_standardization.py::TestFlowStandardization::test_ph2_backpressure_propagation - NameError: name 'FactoryPart' is not defined
========================= 2 failed, 5 passed in 1.24s =========================
