============================= test session starts =============================
platform win32 -- Python 3.13.5, pytest-8.4.1, pluggy-1.6.0 -- C:\Python313\python.exe
cachedir: .pytest_cache
rootdir: C:\Users\cw171001\OneDrive - Teradata\Documents\GitHub\incredible_machines
plugins: anyio-4.11.0, Faker-40.11.1, asyncio-1.3.0, cov-7.0.0
asyncio: mode=Mode.STRICT, debug=False, asyncio_default_fixture_loop_scope=None, asyncio_default_test_loop_scope=function
collecting ... collected 5 items

tests/test_flow_standardization.py::TestFlowStandardization::test_fr001_conservative_signaling PASSED [ 20%]
tests/test_flow_standardization.py::TestFlowStandardization::test_fr002_wildcard_routing FAILED [ 40%]
tests/test_flow_standardization.py::TestFlowStandardization::test_fr003_datapipe_inheritance_and_threshold FAILED [ 60%]
tests/test_flow_standardization.py::TestFlowStandardization::test_fr004_warehouse_state PASSED [ 80%]
tests/test_flow_standardization.py::TestFlowStandardization::test_fr005_guard_hibernation FAILED [100%]

================================== FAILURES ===================================
_____________ TestFlowStandardization.test_fr002_wildcard_routing _____________

self = <test_flow_standardization.TestFlowStandardization testMethod=test_fr002_wildcard_routing>

    def test_fr002_wildcard_routing(self):
        """FR-002: resolve_exit_path supports 'any' wildcard via potential_any_pipe logic."""
        source = FlowEntity(self.space, 0, 0, "logic_factory")
        pipe = DataPipePart(self.space, 10, 10, "data_pipe")
    
        # Force the pipe's route_state to 'any' for the test
        pipe.properties["route_state"] = "any"
        pipe.uuid = "pipe-1"
    
        entities = [pipe]
    
        # Test numeric match (should fallback to 'any' pipe since no explicit rule exists)
        result = source.resolve_exit_path(MagicMock(), 10.0, entities)
>       self.assertEqual(result, "pipe")
E       AssertionError: 'ejected' != 'pipe'
E       - ejected
E       + pipe

tests\test_flow_standardization.py:41: AssertionError
---------------------------- Captured stdout call -----------------------------
AssetManager: Failed to load existing file at assets/sprites/data_pipe.png
AssetManager: Missing file. Generating fallback for -> assets/sprites/data_pipe.png
____ TestFlowStandardization.test_fr003_datapipe_inheritance_and_threshold ____

self = <test_flow_standardization.TestFlowStandardization testMethod=test_fr003_datapipe_inheritance_and_threshold>

    def test_fr003_datapipe_inheritance_and_threshold(self):
        """FR-003: DataPipe inherits from FlowEntity and uses delta thresholds."""
        pipe = DataPipePart(self.space, 0, 0, "data_pipe")
        self.assertTrue(isinstance(pipe, FlowEntity))
    
        # Should not broadcast initially (IDLE -> IDLE)
        pipe.broadcast_status = MagicMock()
        pipe.update_logic(0.1, {"mode": "PLAY"}, [])
>       pipe.broadcast_status.assert_not_called()

tests\test_flow_standardization.py:51: 
_ _ _ _ _ _ _ _ _ _ _ _ _ _ _ _ _ _ _ _ _ _ _ _ _ _ _ _ _ _ _ _ _ _ _ _ _ _ _ _

self = <MagicMock id='2930704590096'>

    def assert_not_called(self):
        """assert that the mock was never called.
        """
        if self.call_count != 0:
            msg = ("Expected '%s' to not have been called. Called %s times.%s"
                   % (self._mock_name or 'mock',
                      self.call_count,
                      self._calls_repr()))
>           raise AssertionError(msg)
E           AssertionError: Expected 'mock' to not have been called. Called 1 times.
E           Calls: [call({})].

C:\Python313\Lib\unittest\mock.py:940: AssertionError
____________ TestFlowStandardization.test_fr005_guard_hibernation _____________

self = <test_flow_standardization.TestFlowStandardization testMethod=test_fr005_guard_hibernation>

    def test_fr005_guard_hibernation(self):
        """FR-005: Guard slumbers when upstream is IDLE."""
        # 'guard' is a valid variant
        guard = GuardPart(self.space, 0, 0, "guard")
        wh = WarehousePart(self.space, 0, 0, "warehouse")
        wh.uuid = "wh-1"
        guard.properties["source_uuid"] = "wh-1"
    
        active_instances = {"wh-1": wh, "guard": guard}
    
        # 1. WH is IDLE -> Guard should have needs_scan = False
        wh.stored_payload_uuids = []
        guard.update_logic(0.1, {"mode": "PLAY"}, [], active_instances)
        self.assertFalse(guard.needs_scan)
    
        # 2. WH is ACTIVE -> Guard should wake up
        wh.stored_payload_uuids = ["p1"]
        guard.update_logic(0.1, {"mode": "PLAY"}, [], active_instances)
>       self.assertTrue(guard.needs_scan)
E       AssertionError: False is not true

tests\test_flow_standardization.py:87: AssertionError
---------------------------- Captured stdout call -----------------------------
AssetManager: Failed to load existing file at assets/sprites/guard.png
AssetManager: Missing file. Generating fallback for -> assets/sprites/guard.png
AssetManager: Failed to load existing file at assets/sprites\guard.png
AssetManager: Missing file. Generating fallback for -> assets/sprites\guard.png
DEBUG: Guard bca53171-a97d-4df7-acd3-525a624c895d No more matching items found. Slumbering.
=========================== short test summary info ===========================
FAILED tests/test_flow_standardization.py::TestFlowStandardization::test_fr002_wildcard_routing - AssertionError: 'ejected' != 'pipe'
- ejected
+ pipe
FAILED tests/test_flow_standardization.py::TestFlowStandardization::test_fr003_datapipe_inheritance_and_threshold - AssertionError: Expected 'mock' to not have been called. Called 1 times.
Calls: [call({})].
FAILED tests/test_flow_standardization.py::TestFlowStandardization::test_fr005_guard_hibernation - AssertionError: False is not true
========================= 3 failed, 2 passed in 1.32s =========================
