============================= test session starts =============================
platform win32 -- Python 3.13.5, pytest-8.4.1, pluggy-1.6.0 -- C:\Python313\python.exe
cachedir: .pytest_cache
rootdir: C:\Users\cw171001\OneDrive - Teradata\Documents\GitHub\incredible_machines
plugins: anyio-4.11.0, Faker-40.11.1, asyncio-1.3.0, cov-7.0.0
asyncio: mode=Mode.STRICT, debug=False, asyncio_default_fixture_loop_scope=None, asyncio_default_test_loop_scope=function
collecting ... collected 5 items

tests/test_flow_standardization.py::TestFlowStandardization::test_fr001_conservative_signaling FAILED [ 20%]
tests/test_flow_standardization.py::TestFlowStandardization::test_fr002_wildcard_routing FAILED [ 40%]
tests/test_flow_standardization.py::TestFlowStandardization::test_fr003_datapipe_inheritance_and_threshold FAILED [ 60%]
tests/test_flow_standardization.py::TestFlowStandardization::test_fr004_warehouse_state FAILED [ 80%]
tests/test_flow_standardization.py::TestFlowStandardization::test_fr005_guard_hibernation FAILED [100%]

================================== FAILURES ===================================
__________ TestFlowStandardization.test_fr001_conservative_signaling __________

self = <test_flow_standardization.TestFlowStandardization testMethod=test_fr001_conservative_signaling>

    def test_fr001_conservative_signaling(self):
        """FR-001: Any JAMMED signal takes precedence."""
        # Using a real variant key from config/entities.yaml or mocking the config loader
>       entity = FlowEntity(self.space, 0, 0, "simple_processor")
                 ^^^^^^^^^^^^^^^^^^^^^^^^^^^^^^^^^^^^^^^^^^^^^^^^

tests\test_flow_standardization.py:20: 
_ _ _ _ _ _ _ _ _ _ _ _ _ _ _ _ _ _ _ _ _ _ _ _ _ _ _ _ _ _ _ _ _ _ _ _ _ _ _ _
entities\base.py:570: in __init__
    super().__init__(space, x, y, property_key)
entities\base.py:20: in __init__
    self.properties = load_entity_config(property_key)
                      ^^^^^^^^^^^^^^^^^^^^^^^^^^^^^^^^
_ _ _ _ _ _ _ _ _ _ _ _ _ _ _ _ _ _ _ _ _ _ _ _ _ _ _ _ _ _ _ _ _ _ _ _ _ _ _ _

property_key = 'simple_processor'

    def load_entity_config(property_key):
        """
        Loads entity properties from config/entities.yaml using deep merge inheritance.
        Fails loudly if the file, template, or key are missing.
        """
        config_path = os.path.join(os.path.dirname(__file__), '..', 'config', 'entities.yaml')
    
        if not os.path.exists(config_path):
            print(f"FAIL LOUDLY: Missing config file at {config_path}")
            sys.exit(1)
    
        with open(config_path, 'r') as f:
            data = yaml.safe_load(f)
    
        templates = data.get("templates", {})
        variants = data.get("variants", {})
    
        if property_key not in variants:
            print(f"FAIL LOUDLY: YAML missing requested variant key: '{property_key}'.")
>           sys.exit(1)
E           SystemExit: 1

utils\config_loader.py:24: SystemExit
---------------------------- Captured stdout call -----------------------------
FAIL LOUDLY: YAML missing requested variant key: 'simple_processor'.
_____________ TestFlowStandardization.test_fr002_wildcard_routing _____________

self = <test_flow_standardization.TestFlowStandardization testMethod=test_fr002_wildcard_routing>

    def test_fr002_wildcard_routing(self):
        """FR-002: resolve_exit_path supports 'any' wildcard via potential_any_pipe logic."""
>       source = FlowEntity(self.space, 0, 0, "simple_processor")
                 ^^^^^^^^^^^^^^^^^^^^^^^^^^^^^^^^^^^^^^^^^^^^^^^^

tests\test_flow_standardization.py:30: 
_ _ _ _ _ _ _ _ _ _ _ _ _ _ _ _ _ _ _ _ _ _ _ _ _ _ _ _ _ _ _ _ _ _ _ _ _ _ _ _
entities\base.py:570: in __init__
    super().__init__(space, x, y, property_key)
entities\base.py:20: in __init__
    self.properties = load_entity_config(property_key)
                      ^^^^^^^^^^^^^^^^^^^^^^^^^^^^^^^^
_ _ _ _ _ _ _ _ _ _ _ _ _ _ _ _ _ _ _ _ _ _ _ _ _ _ _ _ _ _ _ _ _ _ _ _ _ _ _ _

property_key = 'simple_processor'

    def load_entity_config(property_key):
        """
        Loads entity properties from config/entities.yaml using deep merge inheritance.
        Fails loudly if the file, template, or key are missing.
        """
        config_path = os.path.join(os.path.dirname(__file__), '..', 'config', 'entities.yaml')
    
        if not os.path.exists(config_path):
            print(f"FAIL LOUDLY: Missing config file at {config_path}")
            sys.exit(1)
    
        with open(config_path, 'r') as f:
            data = yaml.safe_load(f)
    
        templates = data.get("templates", {})
        variants = data.get("variants", {})
    
        if property_key not in variants:
            print(f"FAIL LOUDLY: YAML missing requested variant key: '{property_key}'.")
>           sys.exit(1)
E           SystemExit: 1

utils\config_loader.py:24: SystemExit
---------------------------- Captured stdout call -----------------------------
FAIL LOUDLY: YAML missing requested variant key: 'simple_processor'.
____ TestFlowStandardization.test_fr003_datapipe_inheritance_and_threshold ____

self = <test_flow_standardization.TestFlowStandardization testMethod=test_fr003_datapipe_inheritance_and_threshold>

    def test_fr003_datapipe_inheritance_and_threshold(self):
        """FR-003: DataPipe inherits from FlowEntity and uses delta thresholds."""
>       pipe = DataPipePart(self.space, 0, 0, "data_tube_straight_short")
               ^^^^^^^^^^^^^^^^^^^^^^^^^^^^^^^^^^^^^^^^^^^^^^^^^^^^^^^^^^

tests\test_flow_standardization.py:46: 
_ _ _ _ _ _ _ _ _ _ _ _ _ _ _ _ _ _ _ _ _ _ _ _ _ _ _ _ _ _ _ _ _ _ _ _ _ _ _ _
entities\data_pipe.py:24: in __init__
    super().__init__(space, x, y, property_key)
entities\base.py:570: in __init__
    super().__init__(space, x, y, property_key)
entities\base.py:20: in __init__
    self.properties = load_entity_config(property_key)
                      ^^^^^^^^^^^^^^^^^^^^^^^^^^^^^^^^
_ _ _ _ _ _ _ _ _ _ _ _ _ _ _ _ _ _ _ _ _ _ _ _ _ _ _ _ _ _ _ _ _ _ _ _ _ _ _ _

property_key = 'data_tube_straight_short'

    def load_entity_config(property_key):
        """
        Loads entity properties from config/entities.yaml using deep merge inheritance.
        Fails loudly if the file, template, or key are missing.
        """
        config_path = os.path.join(os.path.dirname(__file__), '..', 'config', 'entities.yaml')
    
        if not os.path.exists(config_path):
            print(f"FAIL LOUDLY: Missing config file at {config_path}")
            sys.exit(1)
    
        with open(config_path, 'r') as f:
            data = yaml.safe_load(f)
    
        templates = data.get("templates", {})
        variants = data.get("variants", {})
    
        if property_key not in variants:
            print(f"FAIL LOUDLY: YAML missing requested variant key: '{property_key}'.")
>           sys.exit(1)
E           SystemExit: 1

utils\config_loader.py:24: SystemExit
---------------------------- Captured stdout call -----------------------------
FAIL LOUDLY: YAML missing requested variant key: 'data_tube_straight_short'.
_____________ TestFlowStandardization.test_fr004_warehouse_state ______________

self = <test_flow_standardization.TestFlowStandardization testMethod=test_fr004_warehouse_state>

    def test_fr004_warehouse_state(self):
        """FR-004: Warehouse exposes last_state (IDLE/ACTIVE)."""
        # Warehouse uses 'warehouse_small' variant
>       wh = WarehousePart(self.space, 0, 0, "warehouse_small")
             ^^^^^^^^^^^^^^^^^^^^^^^^^^^^^^^^^^^^^^^^^^^^^^^^^^

tests\test_flow_standardization.py:64: 
_ _ _ _ _ _ _ _ _ _ _ _ _ _ _ _ _ _ _ _ _ _ _ _ _ _ _ _ _ _ _ _ _ _ _ _ _ _ _ _
entities\warehouse.py:23: in __init__
    super().__init__(space, x, y, property_key)
entities\base.py:570: in __init__
    super().__init__(space, x, y, property_key)
entities\base.py:20: in __init__
    self.properties = load_entity_config(property_key)
                      ^^^^^^^^^^^^^^^^^^^^^^^^^^^^^^^^
_ _ _ _ _ _ _ _ _ _ _ _ _ _ _ _ _ _ _ _ _ _ _ _ _ _ _ _ _ _ _ _ _ _ _ _ _ _ _ _

property_key = 'warehouse_small'

    def load_entity_config(property_key):
        """
        Loads entity properties from config/entities.yaml using deep merge inheritance.
        Fails loudly if the file, template, or key are missing.
        """
        config_path = os.path.join(os.path.dirname(__file__), '..', 'config', 'entities.yaml')
    
        if not os.path.exists(config_path):
            print(f"FAIL LOUDLY: Missing config file at {config_path}")
            sys.exit(1)
    
        with open(config_path, 'r') as f:
            data = yaml.safe_load(f)
    
        templates = data.get("templates", {})
        variants = data.get("variants", {})
    
        if property_key not in variants:
            print(f"FAIL LOUDLY: YAML missing requested variant key: '{property_key}'.")
>           sys.exit(1)
E           SystemExit: 1

utils\config_loader.py:24: SystemExit
---------------------------- Captured stdout call -----------------------------
FAIL LOUDLY: YAML missing requested variant key: 'warehouse_small'.
____________ TestFlowStandardization.test_fr005_guard_hibernation _____________

self = <test_flow_standardization.TestFlowStandardization testMethod=test_fr005_guard_hibernation>

    def test_fr005_guard_hibernation(self):
        """FR-005: Guard slumbers when upstream is IDLE."""
>       guard = GuardPart(self.space, 0, 0, "data_guard")
                ^^^^^^^^^^^^^^^^^^^^^^^^^^^^^^^^^^^^^^^^^

tests\test_flow_standardization.py:73: 
_ _ _ _ _ _ _ _ _ _ _ _ _ _ _ _ _ _ _ _ _ _ _ _ _ _ _ _ _ _ _ _ _ _ _ _ _ _ _ _
entities\guard.py:26: in __init__
    super().__init__(space, x, y, property_key)
entities\base.py:570: in __init__
    super().__init__(space, x, y, property_key)
entities\base.py:20: in __init__
    self.properties = load_entity_config(property_key)
                      ^^^^^^^^^^^^^^^^^^^^^^^^^^^^^^^^
_ _ _ _ _ _ _ _ _ _ _ _ _ _ _ _ _ _ _ _ _ _ _ _ _ _ _ _ _ _ _ _ _ _ _ _ _ _ _ _

property_key = 'data_guard'

    def load_entity_config(property_key):
        """
        Loads entity properties from config/entities.yaml using deep merge inheritance.
        Fails loudly if the file, template, or key are missing.
        """
        config_path = os.path.join(os.path.dirname(__file__), '..', 'config', 'entities.yaml')
    
        if not os.path.exists(config_path):
            print(f"FAIL LOUDLY: Missing config file at {config_path}")
            sys.exit(1)
    
        with open(config_path, 'r') as f:
            data = yaml.safe_load(f)
    
        templates = data.get("templates", {})
        variants = data.get("variants", {})
    
        if property_key not in variants:
            print(f"FAIL LOUDLY: YAML missing requested variant key: '{property_key}'.")
>           sys.exit(1)
E           SystemExit: 1

utils\config_loader.py:24: SystemExit
---------------------------- Captured stdout call -----------------------------
FAIL LOUDLY: YAML missing requested variant key: 'data_guard'.
=========================== short test summary info ===========================
FAILED tests/test_flow_standardization.py::TestFlowStandardization::test_fr001_conservative_signaling - SystemExit: 1
FAILED tests/test_flow_standardization.py::TestFlowStandardization::test_fr002_wildcard_routing - SystemExit: 1
FAILED tests/test_flow_standardization.py::TestFlowStandardization::test_fr003_datapipe_inheritance_and_threshold - SystemExit: 1
FAILED tests/test_flow_standardization.py::TestFlowStandardization::test_fr004_warehouse_state - SystemExit: 1
FAILED tests/test_flow_standardization.py::TestFlowStandardization::test_fr005_guard_hibernation - SystemExit: 1
============================== 5 failed in 0.54s ==============================
